<?xml version="1.0" encoding="UTF-8"?>
<testng-results ignored="0" total="1" passed="1" failed="0" skipped="0">
  <reporter-output>
  </reporter-output>
  <suite started-at="2024-02-28T06:39:29Z" name="Default suite" finished-at="2024-02-28T06:39:37Z" duration-ms="7755">
    <groups>
    </groups>
    <test started-at="2024-02-28T06:39:29Z" name="Default test" finished-at="2024-02-28T06:39:37Z" duration-ms="7755">
      <class name="demoJenkins.Demo">
        <test-method signature="lunchBrowser()[pri:0, instance:demoJenkins.Demo@babafc2]" started-at="2024-02-28T06:39:29Z" name="lunchBrowser" finished-at="2024-02-28T06:39:37Z" duration-ms="7661" status="PASS">
          <reporter-output>
          </reporter-output>
        </test-method> <!-- lunchBrowser -->
      </class> <!-- demoJenkins.Demo -->
    </test> <!-- Default test -->
  </suite> <!-- Default suite -->
</testng-results>
