<?xml version="1.0" encoding="UTF-8"?>
<testng-results ignored="0" total="1" passed="1" failed="0" skipped="0">
  <reporter-output>
  </reporter-output>
  <suite started-at="2024-02-29T05:14:45Z" name="demo" finished-at="2024-02-29T05:14:53Z" duration-ms="8575">
    <groups>
    </groups>
    <test started-at="2024-02-29T05:14:45Z" name="test1" finished-at="2024-02-29T05:14:53Z" duration-ms="8575">
      <class name="demoJenkins.Demo">
        <test-method signature="lunchBrowser()[pri:0, instance:demoJenkins.Demo@babafc2]" started-at="2024-02-29T05:14:45Z" name="lunchBrowser" finished-at="2024-02-29T05:14:53Z" duration-ms="8513" status="PASS">
          <reporter-output>
          </reporter-output>
        </test-method> <!-- lunchBrowser -->
      </class> <!-- demoJenkins.Demo -->
    </test> <!-- test1 -->
  </suite> <!-- demo -->
</testng-results>
